/home/cdac/fw/edk2-ws/Build/NetworkPkg/DEBUG_GCC5/X64/NetworkPkg/HttpBootDxe/HttpBootDxe/OUTPUT/HttpBootDxe.lib
/home/cdac/fw/edk2-ws/Build/NetworkPkg/DEBUG_GCC5/X64/MdePkg/Library/RegisterFilterLibNull/RegisterFilterLibNull/OUTPUT/FilterLibNull.lib
/home/cdac/fw/edk2-ws/Build/NetworkPkg/DEBUG_GCC5/X64/MdePkg/Library/BaseMemoryLib/BaseMemoryLib/OUTPUT/BaseMemoryLib.lib
/home/cdac/fw/edk2-ws/Build/NetworkPkg/DEBUG_GCC5/X64/MdePkg/Library/BasePcdLibNull/BasePcdLibNull/OUTPUT/BasePcdLibNull.lib
/home/cdac/fw/edk2-ws/Build/NetworkPkg/DEBUG_GCC5/X64/MdePkg/Library/BaseLib/BaseLib/OUTPUT/BaseLib.lib
/home/cdac/fw/edk2-ws/Build/NetworkPkg/DEBUG_GCC5/X64/MdePkg/Library/BaseDebugPrintErrorLevelLib/BaseDebugPrintErrorLevelLib/OUTPUT/BaseDebugPrintErrorLevelLib.lib
/home/cdac/fw/edk2-ws/Build/NetworkPkg/DEBUG_GCC5/X64/MdePkg/Library/BasePrintLib/BasePrintLib/OUTPUT/BasePrintLib.lib
/home/cdac/fw/edk2-ws/Build/NetworkPkg/DEBUG_GCC5/X64/MdePkg/Library/UefiDebugLibConOut/UefiDebugLibConOut/OUTPUT/UefiDebugLibConOut.lib
/home/cdac/fw/edk2-ws/Build/NetworkPkg/DEBUG_GCC5/X64/MdePkg/Library/UefiBootServicesTableLib/UefiBootServicesTableLib/OUTPUT/UefiBootServicesTableLib.lib
/home/cdac/fw/edk2-ws/Build/NetworkPkg/DEBUG_GCC5/X64/MdePkg/Library/UefiMemoryAllocationLib/UefiMemoryAllocationLib/OUTPUT/UefiMemoryAllocationLib.lib
/home/cdac/fw/edk2-ws/Build/NetworkPkg/DEBUG_GCC5/X64/MdePkg/Library/UefiRuntimeServicesTableLib/UefiRuntimeServicesTableLib/OUTPUT/UefiRuntimeServicesTableLib.lib
/home/cdac/fw/edk2-ws/Build/NetworkPkg/DEBUG_GCC5/X64/MdePkg/Library/UefiDevicePathLib/UefiDevicePathLib/OUTPUT/UefiDevicePathLib.lib
/home/cdac/fw/edk2-ws/Build/NetworkPkg/DEBUG_GCC5/X64/MdePkg/Library/UefiLib/UefiLib/OUTPUT/UefiLib.lib
/home/cdac/fw/edk2-ws/Build/NetworkPkg/DEBUG_GCC5/X64/MdePkg/Library/DxeHobLib/DxeHobLib/OUTPUT/DxeHobLib.lib
/home/cdac/fw/edk2-ws/Build/NetworkPkg/DEBUG_GCC5/X64/MdeModulePkg/Library/UefiHiiServicesLib/UefiHiiServicesLib/OUTPUT/UefiHiiServicesLib.lib
/home/cdac/fw/edk2-ws/Build/NetworkPkg/DEBUG_GCC5/X64/MdePkg/Library/StackCheckLibNull/StackCheckLibNull/OUTPUT/StackCheckLibNull.lib
/home/cdac/fw/edk2-ws/Build/NetworkPkg/DEBUG_GCC5/X64/NetworkPkg/Library/DxeNetLib/DxeNetLib/OUTPUT/DxeNetLib.lib
/home/cdac/fw/edk2-ws/Build/NetworkPkg/DEBUG_GCC5/X64/NetworkPkg/Library/DxeDpcLib/DxeDpcLib/OUTPUT/DxeDpcLib.lib
/home/cdac/fw/edk2-ws/Build/NetworkPkg/DEBUG_GCC5/X64/MdeModulePkg/Library/VariablePolicyHelperLib/VariablePolicyHelperLib/OUTPUT/VariablePolicyHelperLib.lib
/home/cdac/fw/edk2-ws/Build/NetworkPkg/DEBUG_GCC5/X64/MdeModulePkg/Library/UefiSortLib/UefiSortLib/OUTPUT/UefiSortLib.lib
/home/cdac/fw/edk2-ws/Build/NetworkPkg/DEBUG_GCC5/X64/MdeModulePkg/Library/DxeReportStatusCodeLib/DxeReportStatusCodeLib/OUTPUT/DxeReportStatusCodeLib.lib
/home/cdac/fw/edk2-ws/Build/NetworkPkg/DEBUG_GCC5/X64/MdePkg/Library/DxeServicesLib/DxeServicesLib/OUTPUT/DxeServicesLib.lib
/home/cdac/fw/edk2-ws/Build/NetworkPkg/DEBUG_GCC5/X64/MdePkg/Library/DxeServicesTableLib/DxeServicesTableLib/OUTPUT/DxeServicesTableLib.lib
/home/cdac/fw/edk2-ws/Build/NetworkPkg/DEBUG_GCC5/X64/MdePkg/Library/BasePeCoffGetEntryPointLib/BasePeCoffGetEntryPointLib/OUTPUT/BasePeCoffGetEntryPointLib.lib
/home/cdac/fw/edk2-ws/Build/NetworkPkg/DEBUG_GCC5/X64/MdePkg/Library/BasePerformanceLibNull/BasePerformanceLibNull/OUTPUT/BasePerformanceLibNull.lib
/home/cdac/fw/edk2-ws/Build/NetworkPkg/DEBUG_GCC5/X64/MdeModulePkg/Library/UefiHiiLib/UefiHiiLib/OUTPUT/UefiHiiLib.lib
/home/cdac/fw/edk2-ws/Build/NetworkPkg/DEBUG_GCC5/X64/MdePkg/Library/UefiDriverEntryPoint/UefiDriverEntryPoint/OUTPUT/UefiDriverEntryPoint.lib
/home/cdac/fw/edk2-ws/Build/NetworkPkg/DEBUG_GCC5/X64/NetworkPkg/Library/DxeHttpLib/DxeHttpLib/OUTPUT/DxeHttpLib.lib
/home/cdac/fw/edk2-ws/Build/NetworkPkg/DEBUG_GCC5/X64/NetworkPkg/Library/DxeHttpIoLib/DxeHttpIoLib/OUTPUT/DxeHttpIoLib.lib
/home/cdac/fw/edk2-ws/Build/NetworkPkg/DEBUG_GCC5/X64/MdeModulePkg/Library/UefiBootManagerLib/UefiBootManagerLib/OUTPUT/UefiBootManagerLib.lib