/home/cdac/fw/edk2-ws/Build/NetworkPkg/DEBUG_GCC5/X64/NetworkPkg/TlsDxe/TlsDxe/OUTPUT/TlsDxe.lib
/home/cdac/fw/edk2-ws/Build/NetworkPkg/DEBUG_GCC5/X64/MdePkg/Library/RegisterFilterLibNull/RegisterFilterLibNull/OUTPUT/FilterLibNull.lib
/home/cdac/fw/edk2-ws/Build/NetworkPkg/DEBUG_GCC5/X64/MdePkg/Library/BasePcdLibNull/BasePcdLibNull/OUTPUT/BasePcdLibNull.lib
/home/cdac/fw/edk2-ws/Build/NetworkPkg/DEBUG_GCC5/X64/MdePkg/Library/BaseLib/BaseLib/OUTPUT/BaseLib.lib
/home/cdac/fw/edk2-ws/Build/NetworkPkg/DEBUG_GCC5/X64/MdePkg/Library/BaseMemoryLib/BaseMemoryLib/OUTPUT/BaseMemoryLib.lib
/home/cdac/fw/edk2-ws/Build/NetworkPkg/DEBUG_GCC5/X64/MdePkg/Library/BaseDebugPrintErrorLevelLib/BaseDebugPrintErrorLevelLib/OUTPUT/BaseDebugPrintErrorLevelLib.lib
/home/cdac/fw/edk2-ws/Build/NetworkPkg/DEBUG_GCC5/X64/MdePkg/Library/BasePrintLib/BasePrintLib/OUTPUT/BasePrintLib.lib
/home/cdac/fw/edk2-ws/Build/NetworkPkg/DEBUG_GCC5/X64/MdePkg/Library/UefiDebugLibConOut/UefiDebugLibConOut/OUTPUT/UefiDebugLibConOut.lib
/home/cdac/fw/edk2-ws/Build/NetworkPkg/DEBUG_GCC5/X64/MdePkg/Library/UefiBootServicesTableLib/UefiBootServicesTableLib/OUTPUT/UefiBootServicesTableLib.lib
/home/cdac/fw/edk2-ws/Build/NetworkPkg/DEBUG_GCC5/X64/MdePkg/Library/BaseTimerLibNullTemplate/BaseTimerLibNullTemplate/OUTPUT/BaseTimerLibNullTemplate.lib
/home/cdac/fw/edk2-ws/Build/NetworkPkg/DEBUG_GCC5/X64/MdePkg/Library/BaseRngLib/BaseRngLib/OUTPUT/BaseRngLib.lib
/home/cdac/fw/edk2-ws/Build/NetworkPkg/DEBUG_GCC5/X64/MdePkg/Library/UefiMemoryAllocationLib/UefiMemoryAllocationLib/OUTPUT/UefiMemoryAllocationLib.lib
/home/cdac/fw/edk2-ws/Build/NetworkPkg/DEBUG_GCC5/X64/MdePkg/Library/BaseSynchronizationLib/BaseSynchronizationLib/OUTPUT/BaseSynchronizationLib.lib
/home/cdac/fw/edk2-ws/Build/NetworkPkg/DEBUG_GCC5/X64/MdePkg/Library/UefiRuntimeServicesTableLib/UefiRuntimeServicesTableLib/OUTPUT/UefiRuntimeServicesTableLib.lib
/home/cdac/fw/edk2-ws/Build/NetworkPkg/DEBUG_GCC5/X64/CryptoPkg/Library/OpensslLib/OpensslLib/OUTPUT/OpensslLib.lib
/home/cdac/fw/edk2-ws/Build/NetworkPkg/DEBUG_GCC5/X64/CryptoPkg/Library/IntrinsicLib/IntrinsicLib/OUTPUT/BaseIntrinsicLib.lib
/home/cdac/fw/edk2-ws/Build/NetworkPkg/DEBUG_GCC5/X64/MdePkg/Library/StackCheckLibNull/StackCheckLibNull/OUTPUT/StackCheckLibNull.lib
/home/cdac/fw/edk2-ws/Build/NetworkPkg/DEBUG_GCC5/X64/MdePkg/Library/UefiDevicePathLib/UefiDevicePathLib/OUTPUT/UefiDevicePathLib.lib
/home/cdac/fw/edk2-ws/Build/NetworkPkg/DEBUG_GCC5/X64/MdePkg/Library/BaseSafeIntLib/BaseSafeIntLib/OUTPUT/BaseSafeIntLib.lib
/home/cdac/fw/edk2-ws/Build/NetworkPkg/DEBUG_GCC5/X64/CryptoPkg/Library/BaseCryptLib/BaseCryptLib/OUTPUT/BaseCryptLib.lib
/home/cdac/fw/edk2-ws/Build/NetworkPkg/DEBUG_GCC5/X64/MdePkg/Library/UefiDriverEntryPoint/UefiDriverEntryPoint/OUTPUT/UefiDriverEntryPoint.lib
/home/cdac/fw/edk2-ws/Build/NetworkPkg/DEBUG_GCC5/X64/MdePkg/Library/UefiLib/UefiLib/OUTPUT/UefiLib.lib
/home/cdac/fw/edk2-ws/Build/NetworkPkg/DEBUG_GCC5/X64/CryptoPkg/Library/TlsLib/TlsLib/OUTPUT/TlsLib.lib